
*** Running xst
    with args -ifn mojo_top_0.xst -ofn mojo_top_0.srp -intstyle ise

Reading design: mojo_top_0.prj

=========================================================================
*                          HDL Parsing                                  *
=========================================================================
Analyzing Verilog file "/home/zackteo/mojo/Full-adder-test-code/work/planAhead/IO/IO.srcs/sources_1/imports/verilog/pipeline_4.v" into library work
Parsing module <pipeline_4>.
Analyzing Verilog file "/home/zackteo/mojo/Full-adder-test-code/work/planAhead/IO/IO.srcs/sources_1/imports/verilog/reset_conditioner_1.v" into library work
Parsing module <reset_conditioner_1>.
Analyzing Verilog file "/home/zackteo/mojo/Full-adder-test-code/work/planAhead/IO/IO.srcs/sources_1/imports/verilog/edge_detector_3.v" into library work
Parsing module <edge_detector_3>.
Analyzing Verilog file "/home/zackteo/mojo/Full-adder-test-code/work/planAhead/IO/IO.srcs/sources_1/imports/verilog/button_conditioner_2.v" into library work
Parsing module <button_conditioner_2>.
Analyzing Verilog file "/home/zackteo/mojo/Full-adder-test-code/work/planAhead/IO/IO.srcs/sources_1/imports/verilog/mojo_top_0.v" into library work
Parsing module <mojo_top_0>.

=========================================================================
*                            HDL Elaboration                            *
=========================================================================

Elaborating module <mojo_top_0>.

Elaborating module <reset_conditioner_1>.

Elaborating module <button_conditioner_2>.

Elaborating module <pipeline_4>.

Elaborating module <edge_detector_3>.
WARNING:HDLCompiler:1127 - "/home/zackteo/mojo/Full-adder-test-code/work/planAhead/IO/IO.srcs/sources_1/imports/verilog/mojo_top_0.v" Line 54: Assignment to M_edge_dt_out ignored, since the identifier is never used
WARNING:HDLCompiler:413 - "/home/zackteo/mojo/Full-adder-test-code/work/planAhead/IO/IO.srcs/sources_1/imports/verilog/mojo_top_0.v" Line 122: Result of 4-bit expression is truncated to fit in 3-bit target.
WARNING:HDLCompiler:413 - "/home/zackteo/mojo/Full-adder-test-code/work/planAhead/IO/IO.srcs/sources_1/imports/verilog/mojo_top_0.v" Line 130: Result of 7-bit expression is truncated to fit in 3-bit target.
WARNING:HDLCompiler:413 - "/home/zackteo/mojo/Full-adder-test-code/work/planAhead/IO/IO.srcs/sources_1/imports/verilog/mojo_top_0.v" Line 138: Result of 7-bit expression is truncated to fit in 3-bit target.
WARNING:HDLCompiler:413 - "/home/zackteo/mojo/Full-adder-test-code/work/planAhead/IO/IO.srcs/sources_1/imports/verilog/mojo_top_0.v" Line 146: Result of 7-bit expression is truncated to fit in 3-bit target.
WARNING:HDLCompiler:413 - "/home/zackteo/mojo/Full-adder-test-code/work/planAhead/IO/IO.srcs/sources_1/imports/verilog/mojo_top_0.v" Line 154: Result of 4-bit expression is truncated to fit in 3-bit target.
WARNING:HDLCompiler:413 - "/home/zackteo/mojo/Full-adder-test-code/work/planAhead/IO/IO.srcs/sources_1/imports/verilog/mojo_top_0.v" Line 162: Result of 7-bit expression is truncated to fit in 3-bit target.
WARNING:HDLCompiler:413 - "/home/zackteo/mojo/Full-adder-test-code/work/planAhead/IO/IO.srcs/sources_1/imports/verilog/mojo_top_0.v" Line 191: Result of 4-bit expression is truncated to fit in 3-bit target.
WARNING:HDLCompiler:413 - "/home/zackteo/mojo/Full-adder-test-code/work/planAhead/IO/IO.srcs/sources_1/imports/verilog/mojo_top_0.v" Line 195: Result of 4-bit expression is truncated to fit in 3-bit target.
WARNING:HDLCompiler:413 - "/home/zackteo/mojo/Full-adder-test-code/work/planAhead/IO/IO.srcs/sources_1/imports/verilog/mojo_top_0.v" Line 199: Result of 7-bit expression is truncated to fit in 3-bit target.
WARNING:HDLCompiler:413 - "/home/zackteo/mojo/Full-adder-test-code/work/planAhead/IO/IO.srcs/sources_1/imports/verilog/mojo_top_0.v" Line 203: Result of 7-bit expression is truncated to fit in 3-bit target.
WARNING:HDLCompiler:413 - "/home/zackteo/mojo/Full-adder-test-code/work/planAhead/IO/IO.srcs/sources_1/imports/verilog/mojo_top_0.v" Line 207: Result of 7-bit expression is truncated to fit in 3-bit target.
WARNING:HDLCompiler:413 - "/home/zackteo/mojo/Full-adder-test-code/work/planAhead/IO/IO.srcs/sources_1/imports/verilog/mojo_top_0.v" Line 211: Result of 7-bit expression is truncated to fit in 3-bit target.
WARNING:Xst:2972 - "/home/zackteo/mojo/Full-adder-test-code/work/planAhead/IO/IO.srcs/sources_1/imports/verilog/mojo_top_0.v" line 44. All outputs of instance <btn_cond> of block <button_conditioner_2> are unconnected in block <mojo_top_0>. Underlying logic will be removed.
WARNING:Xst:2972 - "/home/zackteo/mojo/Full-adder-test-code/work/planAhead/IO/IO.srcs/sources_1/imports/verilog/mojo_top_0.v" line 51. All outputs of instance <edge_dt> of block <edge_detector_3> are unconnected in block <mojo_top_0>. Underlying logic will be removed.

=========================================================================
*                           HDL Synthesis                               *
=========================================================================

Synthesizing Unit <mojo_top_0>.
    Related source file is "/home/zackteo/mojo/Full-adder-test-code/work/planAhead/IO/IO.srcs/sources_1/imports/verilog/mojo_top_0.v".
WARNING:Xst:647 - Input <io_button<3:0>> is never used. This port will be preserved and left unconnected if it belongs to a top-level block or it belongs to a sub-block and the hierarchy of this sub-block is preserved.
WARNING:Xst:647 - Input <io_dip<15:2>> is never used. This port will be preserved and left unconnected if it belongs to a top-level block or it belongs to a sub-block and the hierarchy of this sub-block is preserved.
WARNING:Xst:647 - Input <io_dip<23:19>> is never used. This port will be preserved and left unconnected if it belongs to a top-level block or it belongs to a sub-block and the hierarchy of this sub-block is preserved.
WARNING:Xst:647 - Input <cclk> is never used. This port will be preserved and left unconnected if it belongs to a top-level block or it belongs to a sub-block and the hierarchy of this sub-block is preserved.
WARNING:Xst:647 - Input <spi_ss> is never used. This port will be preserved and left unconnected if it belongs to a top-level block or it belongs to a sub-block and the hierarchy of this sub-block is preserved.
WARNING:Xst:647 - Input <spi_mosi> is never used. This port will be preserved and left unconnected if it belongs to a top-level block or it belongs to a sub-block and the hierarchy of this sub-block is preserved.
WARNING:Xst:647 - Input <spi_sck> is never used. This port will be preserved and left unconnected if it belongs to a top-level block or it belongs to a sub-block and the hierarchy of this sub-block is preserved.
WARNING:Xst:647 - Input <avr_tx> is never used. This port will be preserved and left unconnected if it belongs to a top-level block or it belongs to a sub-block and the hierarchy of this sub-block is preserved.
WARNING:Xst:647 - Input <avr_rx_busy> is never used. This port will be preserved and left unconnected if it belongs to a top-level block or it belongs to a sub-block and the hierarchy of this sub-block is preserved.
INFO:Xst:3210 - "/home/zackteo/mojo/Full-adder-test-code/work/planAhead/IO/IO.srcs/sources_1/imports/verilog/mojo_top_0.v" line 51: Output port <out> of the instance <edge_dt> is unconnected or connected to loadless signal.
    Found 4-bit register for signal <M_state_q>.
    Found 28-bit register for signal <M_counter_q>.
    Found finite state machine <FSM_0> for signal <M_state_q>.
    -----------------------------------------------------------------------
    | States             | 11                                             |
    | Transitions        | 37                                             |
    | Inputs             | 4                                              |
    | Outputs            | 15                                             |
    | Clock              | clk (rising_edge)                              |
    | Reset              | M_reset_cond_out (positive)                    |
    | Reset type         | synchronous                                    |
    | Reset State        | 0000                                           |
    | Power Up State     | 0000                                           |
    | Encoding           | auto                                           |
    | Implementation     | LUT                                            |
    -----------------------------------------------------------------------
    Found 28-bit adder for signal <M_counter_d> created at line 96.
    Found 1-bit tristate buffer for signal <spi_miso> created at line 71
    Found 1-bit tristate buffer for signal <spi_channel<3>> created at line 71
    Found 1-bit tristate buffer for signal <spi_channel<2>> created at line 71
    Found 1-bit tristate buffer for signal <spi_channel<1>> created at line 71
    Found 1-bit tristate buffer for signal <spi_channel<0>> created at line 71
    Found 1-bit tristate buffer for signal <avr_rx> created at line 71
    Found 1-bit comparator equal for signal <io_led<23>> created at line 90
    Found 1-bit comparator equal for signal <io_led<22>> created at line 93
    Summary:
	inferred   1 Adder/Subtractor(s).
	inferred  28 D-type flip-flop(s).
	inferred   2 Comparator(s).
	inferred   6 Multiplexer(s).
	inferred   6 Tristate(s).
	inferred   1 Finite State Machine(s).
Unit <mojo_top_0> synthesized.

Synthesizing Unit <reset_conditioner_1>.
    Related source file is "/home/zackteo/mojo/Full-adder-test-code/work/planAhead/IO/IO.srcs/sources_1/imports/verilog/reset_conditioner_1.v".
    Found 4-bit register for signal <M_stage_q>.
    Summary:
	inferred   4 D-type flip-flop(s).
Unit <reset_conditioner_1> synthesized.

Synthesizing Unit <pipeline_4>.
    Related source file is "/home/zackteo/mojo/Full-adder-test-code/work/planAhead/IO/IO.srcs/sources_1/imports/verilog/pipeline_4.v".
    Found 1-bit register for signal <M_pipe_q<1>>.
    Found 1-bit register for signal <M_pipe_q<0>>.
    Summary:
	inferred   2 D-type flip-flop(s).
Unit <pipeline_4> synthesized.

=========================================================================
HDL Synthesis Report

Macro Statistics
# Adders/Subtractors                                   : 1
 28-bit adder                                          : 1
# Registers                                            : 2
 28-bit register                                       : 1
 4-bit register                                        : 1
# Comparators                                          : 2
 1-bit comparator equal                                : 2
# Multiplexers                                         : 6
 1-bit 2-to-1 multiplexer                              : 5
 3-bit 2-to-1 multiplexer                              : 1
# Tristates                                            : 6
 1-bit tristate buffer                                 : 6
# FSMs                                                 : 1
# Xors                                                 : 2
 1-bit xor2                                            : 2

=========================================================================

=========================================================================
*                       Advanced HDL Synthesis                          *
=========================================================================


Synthesizing (advanced) Unit <mojo_top_0>.
The following registers are absorbed into counter <M_counter_q>: 1 register on signal <M_counter_q>.
Unit <mojo_top_0> synthesized (advanced).

=========================================================================
Advanced HDL Synthesis Report

Macro Statistics
# Counters                                             : 1
 28-bit up counter                                     : 1
# Registers                                            : 4
 Flip-Flops                                            : 4
# Comparators                                          : 2
 1-bit comparator equal                                : 2
# Multiplexers                                         : 6
 1-bit 2-to-1 multiplexer                              : 5
 3-bit 2-to-1 multiplexer                              : 1
# FSMs                                                 : 1
# Xors                                                 : 2
 1-bit xor2                                            : 2

=========================================================================

=========================================================================
*                         Low Level Synthesis                           *
=========================================================================
Analyzing FSM <MFsm> for best encoding.
Optimizing FSM <FSM_0> on signal <M_state_q[1:4]> with user encoding.
-------------------
 State | Encoding
-------------------
 0000  | 0000
 0001  | 0001
 1010  | 1010
 0010  | 0010
 0011  | 0011
 0100  | 0100
 0101  | 0101
 0110  | 0110
 0111  | 0111
 1000  | 1000
 1001  | 1001
-------------------
WARNING:Xst:2677 - Node <M_counter_q_26> of sequential type is unconnected in block <mojo_top_0>.
WARNING:Xst:2677 - Node <M_counter_q_27> of sequential type is unconnected in block <mojo_top_0>.

Optimizing unit <mojo_top_0> ...

Mapping all equations...
Building and optimizing final netlist ...
Found area constraint ratio of 100 (+ 0) on block mojo_top_0, actual ratio is 1.

Final Macro Processing ...

Processing Unit <mojo_top_0> :
INFO:Xst:741 - HDL ADVISOR - A 4-bit shift register was found for signal <reset_cond/M_stage_q_3> and currently occupies 4 logic cells (2 slices). Removing the set/reset logic would take advantage of SRL32 (and derived) primitives and reduce this to 1 logic cells (1 slices). Evaluate if the set/reset can be removed for this simple shift register. The majority of simple pipeline structures do not need to be set/reset operationally.
Unit <mojo_top_0> processed.

=========================================================================
Final Register Report

Macro Statistics
# Registers                                            : 34
 Flip-Flops                                            : 34

=========================================================================

=========================================================================
*                           Partition Report                            *
=========================================================================

Partition Implementation Status
-------------------------------

  No Partitions were found in this design.

-------------------------------

=========================================================================
*                            Design Summary                             *
=========================================================================

Clock Information:
------------------
-----------------------------------+------------------------+-------+
Clock Signal                       | Clock buffer(FF name)  | Load  |
-----------------------------------+------------------------+-------+
clk                                | BUFGP                  | 34    |
-----------------------------------+------------------------+-------+

Asynchronous Control Signals Information:
----------------------------------------
No asynchronous control signals found in this design

Timing Summary:
---------------
Speed Grade: -2

   Minimum period: 4.385ns (Maximum Frequency: 228.050MHz)
   Minimum input arrival time before clock: 4.230ns
   Maximum output required time after clock: 7.904ns
   Maximum combinational path delay: 6.459ns

=========================================================================
